<?xml version="1.0" encoding="UTF-8"?>
<!-- Generated by org.testng.reporters.JUnitXMLReporter -->
<testsuite ignored="0" hostname="DESKTOP-6MCO3NS" failures="0" tests="4" name="Login Page Test_chrome_90.0" time="20.718" errors="0" timestamp="2023-07-07T14:17:40 IST">
  <testcase classname="com.qa.opencart.tests.LoginPageTest" name="verifyLoginPageTilteTest" time="0.256"/>
  <testcase classname="com.qa.opencart.tests.LoginPageTest" name="verifyLoginUrlTest" time="0.038"/>
  <testcase classname="com.qa.opencart.tests.LoginPageTest" name="forgotPasswordlinkExistTest" time="0.192"/>
  <testcase classname="com.qa.opencart.tests.LoginPageTest" name="dologinTest" time="3.593"/>
</testsuite> <!-- Login Page Test_chrome_90.0 -->
