<?xml version="1.0" encoding="UTF-8"?>
<!-- Generated by org.testng.reporters.JUnitXMLReporter -->
<testsuite ignored="0" hostname="DESKTOP-6MCO3NS" failures="0" tests="4" name="Default test" time="25.836" errors="0" timestamp="2023-05-17T13:21:47 IST">
  <testcase classname="com.qa.opencart.tests.LoginPageTest" name="verifyLoginPageTilteTest" time="0.367"/>
  <testcase classname="com.qa.opencart.tests.LoginPageTest" name="verifyLoginUrlTest" time="0.018"/>
  <testcase classname="com.qa.opencart.tests.LoginPageTest" name="forgotPasswordlinkExistTest" time="0.179"/>
  <testcase classname="com.qa.opencart.tests.LoginPageTest" name="dologinTest" time="1.865"/>
</testsuite> <!-- Default test -->
