<?xml version="1.0" encoding="UTF-8"?>
<testng-results ignored="0" total="4" passed="4" failed="0" skipped="0">
  <reporter-output>
  </reporter-output>
  <suite started-at="2023-05-16T07:37:00Z" name="Default suite" finished-at="2023-05-16T07:37:18Z" duration-ms="17678">
    <groups>
    </groups>
    <test started-at="2023-05-16T07:37:00Z" name="Default test" finished-at="2023-05-16T07:37:18Z" duration-ms="17678">
      <class name="com.qa.opencart.tests.LoginPageTest">
        <test-method is-config="true" signature="setup()[pri:0, instance:com.qa.opencart.tests.LoginPageTest@719d35e8]" started-at="2023-05-16T07:37:00Z" name="setup" finished-at="2023-05-16T07:37:15Z" duration-ms="14545" status="PASS">
          <reporter-output>
          </reporter-output>
        </test-method> <!-- setup -->
        <test-method signature="verifyLoginPageTilteTest()[pri:1, instance:com.qa.opencart.tests.LoginPageTest@719d35e8]" started-at="2023-05-16T07:37:15Z" name="verifyLoginPageTilteTest" finished-at="2023-05-16T07:37:15Z" duration-ms="150" status="PASS">
          <reporter-output>
          </reporter-output>
        </test-method> <!-- verifyLoginPageTilteTest -->
        <test-method signature="verifyLoginUrlTest()[pri:2, instance:com.qa.opencart.tests.LoginPageTest@719d35e8]" started-at="2023-05-16T07:37:15Z" name="verifyLoginUrlTest" finished-at="2023-05-16T07:37:15Z" duration-ms="22" status="PASS">
          <reporter-output>
          </reporter-output>
        </test-method> <!-- verifyLoginUrlTest -->
        <test-method signature="forgotPasswordlinkExistTest()[pri:3, instance:com.qa.opencart.tests.LoginPageTest@719d35e8]" started-at="2023-05-16T07:37:15Z" name="forgotPasswordlinkExistTest" finished-at="2023-05-16T07:37:15Z" duration-ms="245" status="PASS">
          <reporter-output>
          </reporter-output>
        </test-method> <!-- forgotPasswordlinkExistTest -->
        <test-method signature="dologinTest()[pri:4, instance:com.qa.opencart.tests.LoginPageTest@719d35e8]" started-at="2023-05-16T07:37:15Z" name="dologinTest" finished-at="2023-05-16T07:37:17Z" duration-ms="1735" status="PASS">
          <reporter-output>
          </reporter-output>
        </test-method> <!-- dologinTest -->
        <test-method is-config="true" signature="tearDown()[pri:0, instance:com.qa.opencart.tests.LoginPageTest@719d35e8]" started-at="2023-05-16T07:37:17Z" name="tearDown" finished-at="2023-05-16T07:37:18Z" duration-ms="643" status="PASS">
          <reporter-output>
          </reporter-output>
        </test-method> <!-- tearDown -->
      </class> <!-- com.qa.opencart.tests.LoginPageTest -->
    </test> <!-- Default test -->
  </suite> <!-- Default suite -->
</testng-results>
